Using pre-set license
Built from '2022.3/staging' branch; Version is '2022.3.50f1 (c3db7f8bf9b1) revision 12835711'; Using compiler version '192829333'; Build Type 'Release'
OS: 'Windows 11  (10.0.26100) 64bit Core' Language: 'pl' Physical Memory: 7975 MB
BatchMode: 1, IsHumanControllingUs: 0, StartBugReporterOnCrash: 0, Is64bit: 1, IsPro: 1

COMMAND LINE ARGUMENTS:
C:\Users\bezru\OneDrive - Collegium Da Vinci\Unity\2022.3.50f1\Editor\Unity.exe
-adb2
-batchMode
-noUpm
-name
AssetImportWorker0
-projectPath
C:/Users/bezru/OneDrive - Collegium Da Vinci/Рабочий стол/Projects/BrainInc
-logFile
Logs/AssetImportWorker0.log
-srvPort
54363
Successfully changed project path to: C:/Users/bezru/OneDrive - Collegium Da Vinci/Рабочий стол/Projects/BrainInc
C:/Users/bezru/OneDrive - Collegium Da Vinci/Рабочий стол/Projects/BrainInc
[UnityMemory] Configuration Parameters - Can be set up in boot.config
    "memorysetup-bucket-allocator-granularity=16"
    "memorysetup-bucket-allocator-bucket-count=8"
    "memorysetup-bucket-allocator-block-size=33554432"
    "memorysetup-bucket-allocator-block-count=8"
    "memorysetup-main-allocator-block-size=16777216"
    "memorysetup-thread-allocator-block-size=16777216"
    "memorysetup-gfx-main-allocator-block-size=16777216"
    "memorysetup-gfx-thread-allocator-block-size=16777216"
    "memorysetup-cache-allocator-block-size=4194304"
    "memorysetup-typetree-allocator-block-size=2097152"
    "memorysetup-profiler-bucket-allocator-granularity=16"
    "memorysetup-profiler-bucket-allocator-bucket-count=8"
    "memorysetup-profiler-bucket-allocator-block-size=33554432"
    "memorysetup-profiler-bucket-allocator-block-count=8"
    "memorysetup-profiler-allocator-block-size=16777216"
    "memorysetup-profiler-editor-allocator-block-size=1048576"
    "memorysetup-temp-allocator-size-main=16777216"
    "memorysetup-job-temp-allocator-block-size=2097152"
    "memorysetup-job-temp-allocator-block-size-background=1048576"
    "memorysetup-job-temp-allocator-reduction-small-platforms=262144"
    "memorysetup-allocator-temp-initial-block-size-main=262144"
    "memorysetup-allocator-temp-initial-block-size-worker=262144"
    "memorysetup-temp-allocator-size-background-worker=32768"
    "memorysetup-temp-allocator-size-job-worker=262144"
    "memorysetup-temp-allocator-size-preload-manager=33554432"
    "memorysetup-temp-allocator-size-nav-mesh-worker=65536"
    "memorysetup-temp-allocator-size-audio-worker=65536"
    "memorysetup-temp-allocator-size-cloud-worker=32768"
    "memorysetup-temp-allocator-size-gi-baking-worker=262144"
    "memorysetup-temp-allocator-size-gfx=262144"
Player connection [14508]  Target information:

Player connection [14508]  * "[IP] 10.35.187.157 [Port] 0 [Flags] 2 [Guid] 1495979552 [EditorId] 1495979552 [Version] 1048832 [Id] WindowsEditor(7,Anastazja06) [Debug] 1 [PackageName] WindowsEditor [ProjectName] Editor" 

Player connection [14508] Host joined multi-casting on [225.0.0.222:54997]...
Player connection [14508] Host joined alternative multi-casting on [225.0.0.222:34997]...
[PhysX] Initialized MultithreadedTaskDispatcher with 8 workers.
Refreshing native plugins compatible for Editor in 93.59 ms, found 4 plugins.
Preloading 0 native plugins for Editor in 0.00 ms.
Initialize engine version: 2022.3.50f1 (c3db7f8bf9b1)
[Subsystems] Discovering subsystems at path C:/Users/bezru/OneDrive - Collegium Da Vinci/Unity/2022.3.50f1/Editor/Data/Resources/UnitySubsystems
[Subsystems] Discovering subsystems at path C:/Users/bezru/OneDrive - Collegium Da Vinci/Рабочий стол/Projects/BrainInc/Assets
GfxDevice: creating device client; threaded=0; jobified=0
Direct3D:
    Version:  Direct3D 11.0 [level 11.1]
    Renderer: NVIDIA GeForce GTX 1650 (ID=0x1f9d)
    Vendor:   NVIDIA
    VRAM:     3952 MB
    Driver:   31.0.15.2904
Initialize mono
Mono path[0] = 'C:/Users/bezru/OneDrive - Collegium Da Vinci/Unity/2022.3.50f1/Editor/Data/Managed'
Mono path[1] = 'C:/Users/bezru/OneDrive - Collegium Da Vinci/Unity/2022.3.50f1/Editor/Data/MonoBleedingEdge/lib/mono/unityjit-win32'
Mono config path = 'C:/Users/bezru/OneDrive - Collegium Da Vinci/Unity/2022.3.50f1/Editor/Data/MonoBleedingEdge/etc'
Using monoOptions --debugger-agent=transport=dt_socket,embedding=1,server=y,suspend=n,address=127.0.0.1:56632
Begin MonoManager ReloadAssembly
Registering precompiled unity dll's ...
Register platform support module: C:/Users/bezru/OneDrive - Collegium Da Vinci/Unity/2022.3.50f1/Editor/Data/PlaybackEngines/WindowsStandaloneSupport/UnityEditor.WindowsStandalone.Extensions.dll
Registered in 0.011314 seconds.
- Loaded All Assemblies, in  0.690 seconds
Native extension for WindowsStandalone target not found
Mono: successfully reloaded assembly
- Finished resetting the current domain, in  0.482 seconds
Domain Reload Profiling: 1172ms
	BeginReloadAssembly (304ms)
		ExecutionOrderSort (0ms)
		DisableScriptedObjects (0ms)
		BackupInstance (0ms)
		ReleaseScriptingObjects (0ms)
		CreateAndSetChildDomain (3ms)
	RebuildCommonClasses (51ms)
	RebuildNativeTypeToScriptingClass (13ms)
	initialDomainReloadingComplete (93ms)
	LoadAllAssembliesAndSetupDomain (226ms)
		LoadAssemblies (285ms)
		RebuildTransferFunctionScriptingTraits (0ms)
		AnalyzeDomain (223ms)
			TypeCache.Refresh (221ms)
				TypeCache.ScanAssembly (197ms)
			ScanForSourceGeneratedMonoScriptInfo (0ms)
			ResolveRequiredComponents (1ms)
	FinalizeReload (485ms)
		ReleaseScriptCaches (0ms)
		RebuildScriptCaches (0ms)
		SetupLoadedEditorAssemblies (396ms)
			LogAssemblyErrors (0ms)
			InitializePlatformSupportModulesInManaged (17ms)
			SetLoadedEditorAssemblies (11ms)
			RefreshPlugins (0ms)
			BeforeProcessingInitializeOnLoad (3ms)
			ProcessInitializeOnLoadAttributes (263ms)
			ProcessInitializeOnLoadMethodAttributes (102ms)
			AfterProcessingInitializeOnLoad (0ms)
			EditorAssembliesLoaded (0ms)
		ExecutionOrderSort2 (0ms)
		AwakeInstancesAfterBackupRestoration (0ms)
========================================================================
Worker process is ready to serve import requests
Caller must complete domain reload
Begin MonoManager ReloadAssembly
- Loaded All Assemblies, in  2.307 seconds
Native extension for WindowsStandalone target not found
Mono: successfully reloaded assembly
- Finished resetting the current domain, in  5.122 seconds
Domain Reload Profiling: 7423ms
	BeginReloadAssembly (254ms)
		ExecutionOrderSort (0ms)
		DisableScriptedObjects (9ms)
		BackupInstance (0ms)
		ReleaseScriptingObjects (0ms)
		CreateAndSetChildDomain (44ms)
	RebuildCommonClasses (55ms)
	RebuildNativeTypeToScriptingClass (15ms)
	initialDomainReloadingComplete (62ms)
	LoadAllAssembliesAndSetupDomain (1914ms)
		LoadAssemblies (1419ms)
		RebuildTransferFunctionScriptingTraits (0ms)
		AnalyzeDomain (637ms)
			TypeCache.Refresh (570ms)
				TypeCache.ScanAssembly (518ms)
			ScanForSourceGeneratedMonoScriptInfo (58ms)
			ResolveRequiredComponents (7ms)
	FinalizeReload (5122ms)
		ReleaseScriptCaches (0ms)
		RebuildScriptCaches (0ms)
		SetupLoadedEditorAssemblies (4948ms)
			LogAssemblyErrors (0ms)
			InitializePlatformSupportModulesInManaged (6ms)
			SetLoadedEditorAssemblies (4ms)
			RefreshPlugins (0ms)
			BeforeProcessingInitializeOnLoad (66ms)
			ProcessInitializeOnLoadAttributes (4831ms)
			ProcessInitializeOnLoadMethodAttributes (34ms)
			AfterProcessingInitializeOnLoad (6ms)
			EditorAssembliesLoaded (0ms)
		ExecutionOrderSort2 (0ms)
		AwakeInstancesAfterBackupRestoration (7ms)
Launched and connected shader compiler UnityShaderCompiler.exe after 0.27 seconds
Refreshing native plugins compatible for Editor in 5.35 ms, found 4 plugins.
Preloading 0 native plugins for Editor in 0.00 ms.
Unloading 4017 Unused Serialized files (Serialized files now loaded: 0)
Unloading 32 unused Assets / (57.5 KB). Loaded Objects now: 4486.
Memory consumption went from 144.3 MB to 144.2 MB.
Total: 5.486600 ms (FindLiveObjects: 0.468400 ms CreateObjectMapping: 0.150500 ms MarkObjects: 4.611900 ms  DeleteObjects: 0.253700 ms)

AssetImportParameters requested are different than current active one (requested -> active):
  custom:container-demuxer-ogg: 62fdf1f143b41e24485cea50d1cbac27 -> 
  custom:video-codec-MediaFoundation-h265: 746d11721c4dcdbdad8f713fa42b33f4 -> 
  custom:video-decoder-ogg-theora: a1e56fd34408186e4bbccfd4996cb3dc -> 
  custom:framework-win-MediaFoundation: 216162199b28c13a410421893ffa2e32 -> 
  custom:CustomObjectIndexerAttribute: 9a22284fe3817be447336de3de66b15e -> 
  custom:container-demuxer-webm: 4f35f7cbe854078d1ac9338744f61a02 -> 
  custom:container-muxer-webm: aa71ff27fc2769a1b78a27578f13a17b -> 
  custom:video-decoder-webm-vp8: 9c59270c3fd7afecdb556c50c9e8de78 -> 
  custom:SearchIndexIgnoredProperties: e643bd26f0fe6173181afceb89e7c659 -> 
  custom:AudioImporter_EditorPlatform: d09bf68614088b80899f8185d706f6e7 -> 
  custom:video-encoder-webm-vp8: eb34c28f22e8b96e1ab97ce403110664 -> 
  custom:audio-decoder-ogg-vorbis: bf7c407c2cedff20999df2af8eb42d56 -> 
  custom:audio-encoder-webm-vorbis: bf7c407c2cedff20999df2af8eb42d56 -> 
========================================================================
Received Import Request.
  Time since last request: 654339.043077 seconds.
  path: Assets/objects/Beer 1.asset
  artifactKey: Guid(55c93cb0b5e887d47bf533b54433e364) Importer(815301076,1909f56bfc062723c751e8b465ee728b)
Start importing Assets/objects/Beer 1.asset using Guid(55c93cb0b5e887d47bf533b54433e364) Importer(815301076,1909f56bfc062723c751e8b465ee728b) [PhysX] Initialized MultithreadedTaskDispatcher with 8 workers.
 -> (artifact id: '1320763e43778e28b399811d09bcd92f') in 0.021127 seconds
Number of updated asset objects reloaded before import = 0
Number of asset objects unloaded after import = 1
========================================================================
Received Import Request.
  Time since last request: 178.263282 seconds.
  path: Assets/objects/Beer 3.asset
  artifactKey: Guid(ffc0716a26973f24bac83bf4f86122ff) Importer(815301076,1909f56bfc062723c751e8b465ee728b)
Start importing Assets/objects/Beer 3.asset using Guid(ffc0716a26973f24bac83bf4f86122ff) Importer(815301076,1909f56bfc062723c751e8b465ee728b) [PhysX] Initialized MultithreadedTaskDispatcher with 8 workers.
 -> (artifact id: '198a002fdc8a7420a38eef38d27490c4') in 0.016166 seconds
Number of updated asset objects reloaded before import = 0
Number of asset objects unloaded after import = 1
========================================================================
Received Import Request.
  Time since last request: 6.913163 seconds.
  path: Assets/objects/Beer 2.asset
  artifactKey: Guid(55c93cb0b5e887d47bf533b54433e364) Importer(815301076,1909f56bfc062723c751e8b465ee728b)
Start importing Assets/objects/Beer 2.asset using Guid(55c93cb0b5e887d47bf533b54433e364) Importer(815301076,1909f56bfc062723c751e8b465ee728b) [PhysX] Initialized MultithreadedTaskDispatcher with 8 workers.
 -> (artifact id: '3eaeb131c747d9165ff266ce4a2f9fd6') in 0.001637 seconds
Number of updated asset objects reloaded before import = 0
Number of asset objects unloaded after import = 1
========================================================================
Received Import Request.
  Time since last request: 1267.058144 seconds.
  path: Assets/objects/Marijuana_drug.asset
  artifactKey: Guid(5ac997d8689860848ae830a0fa29f5c2) Importer(815301076,1909f56bfc062723c751e8b465ee728b)
Start importing Assets/objects/Marijuana_drug.asset using Guid(5ac997d8689860848ae830a0fa29f5c2) Importer(815301076,1909f56bfc062723c751e8b465ee728b) [PhysX] Initialized MultithreadedTaskDispatcher with 8 workers.
 -> (artifact id: '8f62e35a57b9b7d826c4a114c8c4ee73') in 0.052245 seconds
Number of updated asset objects reloaded before import = 0
Number of asset objects unloaded after import = 1
========================================================================
Received Import Request.
  Time since last request: 0.000120 seconds.
  path: Assets/objects/Soda 1.asset
  artifactKey: Guid(646dfc3eabf8d7a4c8e1de592c9e056f) Importer(815301076,1909f56bfc062723c751e8b465ee728b)
Start importing Assets/objects/Soda 1.asset using Guid(646dfc3eabf8d7a4c8e1de592c9e056f) Importer(815301076,1909f56bfc062723c751e8b465ee728b) [PhysX] Initialized MultithreadedTaskDispatcher with 8 workers.
 -> (artifact id: 'ebca254cadd13a5d22fff5a530ea1d1d') in 0.011595 seconds
Number of updated asset objects reloaded before import = 0
Number of asset objects unloaded after import = 1
========================================================================
Received Import Request.
  Time since last request: 1.023914 seconds.
  path: Assets/objects/Soda 2.asset
  artifactKey: Guid(066c69c0624ba2848878c6efd172d461) Importer(815301076,1909f56bfc062723c751e8b465ee728b)
Start importing Assets/objects/Soda 2.asset using Guid(066c69c0624ba2848878c6efd172d461) Importer(815301076,1909f56bfc062723c751e8b465ee728b) [PhysX] Initialized MultithreadedTaskDispatcher with 8 workers.
 -> (artifact id: '7081b2a08a9aae7bcc6f72b6205ee158') in 0.003941 seconds
Number of updated asset objects reloaded before import = 0
Number of asset objects unloaded after import = 1
========================================================================
Received Import Request.
  Time since last request: 8.336082 seconds.
  path: Assets/objects/Soda 3.asset
  artifactKey: Guid(066c69c0624ba2848878c6efd172d461) Importer(815301076,1909f56bfc062723c751e8b465ee728b)
Start importing Assets/objects/Soda 3.asset using Guid(066c69c0624ba2848878c6efd172d461) Importer(815301076,1909f56bfc062723c751e8b465ee728b) [PhysX] Initialized MultithreadedTaskDispatcher with 8 workers.
 -> (artifact id: 'bb919a610390bee5d7ab5dce1540179e') in 0.004083 seconds
Number of updated asset objects reloaded before import = 0
Number of asset objects unloaded after import = 1
========================================================================
Received Import Request.
  Time since last request: 9.462519 seconds.
  path: Assets/objects/Soda 2.asset
  artifactKey: Guid(646dfc3eabf8d7a4c8e1de592c9e056f) Importer(815301076,1909f56bfc062723c751e8b465ee728b)
Start importing Assets/objects/Soda 2.asset using Guid(646dfc3eabf8d7a4c8e1de592c9e056f) Importer(815301076,1909f56bfc062723c751e8b465ee728b) [PhysX] Initialized MultithreadedTaskDispatcher with 8 workers.
 -> (artifact id: '70614c9e79cfa1fd5f5ae523356d1139') in 0.001303 seconds
Number of updated asset objects reloaded before import = 0
Number of asset objects unloaded after import = 1
========================================================================
Received Import Request.
  Time since last request: 487.080078 seconds.
  path: Assets/objects/Soda.asset
  artifactKey: Guid(301a25ed09400c44ebb0d67ba21ec3e5) Importer(815301076,1909f56bfc062723c751e8b465ee728b)
Start importing Assets/objects/Soda.asset using Guid(301a25ed09400c44ebb0d67ba21ec3e5) Importer(815301076,1909f56bfc062723c751e8b465ee728b) [PhysX] Initialized MultithreadedTaskDispatcher with 8 workers.
 -> (artifact id: '94349f73f444d901241d88d7f118e374') in 0.007029 seconds
Number of updated asset objects reloaded before import = 0
Number of asset objects unloaded after import = 1
========================================================================
Received Import Request.
  Time since last request: 0.000033 seconds.
  path: Assets/objects/Soda 3.asset
  artifactKey: Guid(066c69c0624ba2848878c6efd172d461) Importer(815301076,1909f56bfc062723c751e8b465ee728b)
Start importing Assets/objects/Soda 3.asset using Guid(066c69c0624ba2848878c6efd172d461) Importer(815301076,1909f56bfc062723c751e8b465ee728b) [PhysX] Initialized MultithreadedTaskDispatcher with 8 workers.
 -> (artifact id: 'd64c7a9e469f64e97e6bca36e69ea60f') in 0.003577 seconds
Number of updated asset objects reloaded before import = 0
Number of asset objects unloaded after import = 1
========================================================================
Received Import Request.
  Time since last request: 0.000039 seconds.
  path: Assets/objects/Vitamin 1.asset
  artifactKey: Guid(6bf7fdc446fb9954fb20a0f250fde1c7) Importer(815301076,1909f56bfc062723c751e8b465ee728b)
Start importing Assets/objects/Vitamin 1.asset using Guid(6bf7fdc446fb9954fb20a0f250fde1c7) Importer(815301076,1909f56bfc062723c751e8b465ee728b) [PhysX] Initialized MultithreadedTaskDispatcher with 8 workers.
 -> (artifact id: 'c4ddb1178b63d05150deef999a444717') in 0.003013 seconds
Number of updated asset objects reloaded before import = 0
Number of asset objects unloaded after import = 1
========================================================================
Received Import Request.
  Time since last request: 1.731489 seconds.
  path: Assets/objects/Vitamin 2.asset
  artifactKey: Guid(1a4fca5d7f3dabe418c2e56d5ef99b1f) Importer(815301076,1909f56bfc062723c751e8b465ee728b)
Start importing Assets/objects/Vitamin 2.asset using Guid(1a4fca5d7f3dabe418c2e56d5ef99b1f) Importer(815301076,1909f56bfc062723c751e8b465ee728b) [PhysX] Initialized MultithreadedTaskDispatcher with 8 workers.
 -> (artifact id: '9715b53f32715f867a23e746b4839b45') in 0.002301 seconds
Number of updated asset objects reloaded before import = 0
Number of asset objects unloaded after import = 1
========================================================================
Received Import Request.
  Time since last request: 10.282976 seconds.
  path: Assets/objects/Vitamin 3.asset
  artifactKey: Guid(1a4fca5d7f3dabe418c2e56d5ef99b1f) Importer(815301076,1909f56bfc062723c751e8b465ee728b)
Start importing Assets/objects/Vitamin 3.asset using Guid(1a4fca5d7f3dabe418c2e56d5ef99b1f) Importer(815301076,1909f56bfc062723c751e8b465ee728b) [PhysX] Initialized MultithreadedTaskDispatcher with 8 workers.
 -> (artifact id: '2132d6f877b48c2195a31fc0b1602d78') in 0.002717 seconds
Number of updated asset objects reloaded before import = 0
Number of asset objects unloaded after import = 1
========================================================================
Received Import Request.
  Time since last request: 9.825423 seconds.
  path: Assets/objects/Vitamin 2.asset
  artifactKey: Guid(6bf7fdc446fb9954fb20a0f250fde1c7) Importer(815301076,1909f56bfc062723c751e8b465ee728b)
Start importing Assets/objects/Vitamin 2.asset using Guid(6bf7fdc446fb9954fb20a0f250fde1c7) Importer(815301076,1909f56bfc062723c751e8b465ee728b) [PhysX] Initialized MultithreadedTaskDispatcher with 8 workers.
 -> (artifact id: '70ad9c2569a9146d5fc88352c713a66d') in 0.002368 seconds
Number of updated asset objects reloaded before import = 0
Number of asset objects unloaded after import = 1
========================================================================
Received Import Request.
  Time since last request: 393.942028 seconds.
  path: Assets/objects/Beer.asset
  artifactKey: Guid(cf06534f5d4f39e4381bbe3e239cb212) Importer(815301076,1909f56bfc062723c751e8b465ee728b)
Start importing Assets/objects/Beer.asset using Guid(cf06534f5d4f39e4381bbe3e239cb212) Importer(815301076,1909f56bfc062723c751e8b465ee728b) [PhysX] Initialized MultithreadedTaskDispatcher with 8 workers.
 -> (artifact id: '696c453494b9d3d4cd01b55001d90a39') in 0.016561 seconds
Number of updated asset objects reloaded before import = 0
Number of asset objects unloaded after import = 3
========================================================================
Received Import Request.
  Time since last request: 0.000035 seconds.
  path: Assets/objects/Beer 3.asset
  artifactKey: Guid(ffc0716a26973f24bac83bf4f86122ff) Importer(815301076,1909f56bfc062723c751e8b465ee728b)
Start importing Assets/objects/Beer 3.asset using Guid(ffc0716a26973f24bac83bf4f86122ff) Importer(815301076,1909f56bfc062723c751e8b465ee728b) [PhysX] Initialized MultithreadedTaskDispatcher with 8 workers.
 -> (artifact id: '76552e37f03de8a5f87123b81724db44') in 0.003169 seconds
Number of updated asset objects reloaded before import = 0
Number of asset objects unloaded after import = 1
========================================================================
Received Import Request.
  Time since last request: 135.630969 seconds.
  path: Assets/objects/Coffee 1.asset
  artifactKey: Guid(c51aebe58bfb7b34994bbbeaddd04f81) Importer(815301076,1909f56bfc062723c751e8b465ee728b)
Start importing Assets/objects/Coffee 1.asset using Guid(c51aebe58bfb7b34994bbbeaddd04f81) Importer(815301076,1909f56bfc062723c751e8b465ee728b) [PhysX] Initialized MultithreadedTaskDispatcher with 8 workers.
 -> (artifact id: '06af25ee655502e9cc50d717795d2d7c') in 0.004945 seconds
Number of updated asset objects reloaded before import = 0
Number of asset objects unloaded after import = 1
========================================================================
Received Import Request.
  Time since last request: 1.458560 seconds.
  path: Assets/objects/Coffee 2.asset
  artifactKey: Guid(f0103d418decbf84286e579de612996c) Importer(815301076,1909f56bfc062723c751e8b465ee728b)
Start importing Assets/objects/Coffee 2.asset using Guid(f0103d418decbf84286e579de612996c) Importer(815301076,1909f56bfc062723c751e8b465ee728b) [PhysX] Initialized MultithreadedTaskDispatcher with 8 workers.
 -> (artifact id: 'da75d015283ae458b3a4292769a503ce') in 0.002801 seconds
Number of updated asset objects reloaded before import = 0
Number of asset objects unloaded after import = 1
========================================================================
Received Import Request.
  Time since last request: 6.199211 seconds.
  path: Assets/objects/Coffee 3.asset
  artifactKey: Guid(f0103d418decbf84286e579de612996c) Importer(815301076,1909f56bfc062723c751e8b465ee728b)
Start importing Assets/objects/Coffee 3.asset using Guid(f0103d418decbf84286e579de612996c) Importer(815301076,1909f56bfc062723c751e8b465ee728b) [PhysX] Initialized MultithreadedTaskDispatcher with 8 workers.
 -> (artifact id: '8e3a6f9d7e2d1d5912d87e48415e2f6f') in 0.002963 seconds
Number of updated asset objects reloaded before import = 0
Number of asset objects unloaded after import = 1
========================================================================
Received Import Request.
  Time since last request: 15.899634 seconds.
  path: Assets/objects/Coffee 2.asset
  artifactKey: Guid(c51aebe58bfb7b34994bbbeaddd04f81) Importer(815301076,1909f56bfc062723c751e8b465ee728b)
Start importing Assets/objects/Coffee 2.asset using Guid(c51aebe58bfb7b34994bbbeaddd04f81) Importer(815301076,1909f56bfc062723c751e8b465ee728b) [PhysX] Initialized MultithreadedTaskDispatcher with 8 workers.
 -> (artifact id: '41beda9cabad17d5884856ff2279115c') in 0.001948 seconds
Number of updated asset objects reloaded before import = 0
Number of asset objects unloaded after import = 1
========================================================================
Received Import Request.
  Time since last request: 602.835925 seconds.
  path: Assets/objects/Vitamin.asset
  artifactKey: Guid(9bded7b61cd182446a8d4a26eadc9dc5) Importer(815301076,1909f56bfc062723c751e8b465ee728b)
Start importing Assets/objects/Vitamin.asset using Guid(9bded7b61cd182446a8d4a26eadc9dc5) Importer(815301076,1909f56bfc062723c751e8b465ee728b) [PhysX] Initialized MultithreadedTaskDispatcher with 8 workers.
 -> (artifact id: 'b4853ec3b94f648554b2c519f955f82d') in 0.008694 seconds
Number of updated asset objects reloaded before import = 0
Number of asset objects unloaded after import = 1
========================================================================
Received Import Request.
  Time since last request: 116.475811 seconds.
  path: Assets/objects/Vitamin 2.asset
  artifactKey: Guid(6bf7fdc446fb9954fb20a0f250fde1c7) Importer(815301076,1909f56bfc062723c751e8b465ee728b)
Start importing Assets/objects/Vitamin 2.asset using Guid(6bf7fdc446fb9954fb20a0f250fde1c7) Importer(815301076,1909f56bfc062723c751e8b465ee728b) [PhysX] Initialized MultithreadedTaskDispatcher with 8 workers.
 -> (artifact id: 'de0464a6b694f001399f335c772dbd22') in 0.006978 seconds
Number of updated asset objects reloaded before import = 0
Number of asset objects unloaded after import = 1
========================================================================
Received Import Request.
  Time since last request: 309.652905 seconds.
  path: Assets/objects/Coffee.asset
  artifactKey: Guid(b8fb1de6bbfcf954c8ddd35d3fea7d14) Importer(815301076,1909f56bfc062723c751e8b465ee728b)
Start importing Assets/objects/Coffee.asset using Guid(b8fb1de6bbfcf954c8ddd35d3fea7d14) Importer(815301076,1909f56bfc062723c751e8b465ee728b) [PhysX] Initialized MultithreadedTaskDispatcher with 8 workers.
 -> (artifact id: '43bb5050f9b0277d2e11fb8f62a3476e') in 0.006464 seconds
Number of updated asset objects reloaded before import = 0
Number of asset objects unloaded after import = 1
========================================================================
Received Import Request.
  Time since last request: 0.000040 seconds.
  path: Assets/objects/Coffee 3.asset
  artifactKey: Guid(f0103d418decbf84286e579de612996c) Importer(815301076,1909f56bfc062723c751e8b465ee728b)
Start importing Assets/objects/Coffee 3.asset using Guid(f0103d418decbf84286e579de612996c) Importer(815301076,1909f56bfc062723c751e8b465ee728b) [PhysX] Initialized MultithreadedTaskDispatcher with 8 workers.
 -> (artifact id: 'e903b765139c2bcefa7676b66eab0495') in 0.006118 seconds
Number of updated asset objects reloaded before import = 0
Number of asset objects unloaded after import = 1
